[debug] [2025-05-05T13:40:30.087Z] ----------------------------------------------------------------------
[debug] [2025-05-05T13:40:30.092Z] Command:       /opt/homebrew/Cellar/node/23.11.0/bin/node /opt/homebrew/bin/firebase init functions
[debug] [2025-05-05T13:40:30.092Z] CLI Version:   14.2.1
[debug] [2025-05-05T13:40:30.092Z] Platform:      darwin
[debug] [2025-05-05T13:40:30.092Z] Node Version:  v23.11.0
[debug] [2025-05-05T13:40:30.092Z] Time:          Mon May 05 2025 22:40:30 GMT+0900 (Korean Standard Time)
[debug] [2025-05-05T13:40:30.092Z] ----------------------------------------------------------------------
[debug] 
[debug] [2025-05-05T13:40:30.094Z] >>> [apiv2][query] GET https://firebase-public.firebaseio.com/cli.json [none]
[debug] [2025-05-05T13:40:30.198Z] > command requires scopes: ["email","openid","https://www.googleapis.com/auth/cloudplatformprojects.readonly","https://www.googleapis.com/auth/firebase","https://www.googleapis.com/auth/cloud-platform"]
[debug] [2025-05-05T13:40:30.198Z] > authorizing via signed-in user (yerini1104@gmail.com)
[info] 
     ######## #### ########  ######## ########     ###     ######  ########
     ##        ##  ##     ## ##       ##     ##  ##   ##  ##       ##
     ######    ##  ########  ######   ########  #########  ######  ######
     ##        ##  ##    ##  ##       ##     ## ##     ##       ## ##
     ##       #### ##     ## ######## ########  ##     ##  ######  ########

You're about to initialize a Firebase project in this directory:

  /Users/ihyelin/Documents/anx_test_app_new

Before we get started, keep in mind:

  * You are initializing within an existing Firebase project directory

[info] 
=== Project Setup
[info] 
[info] First, let's associate this project directory with a Firebase project.
[info] You can create multiple project aliases by running firebase use --add, 
[info] but for now we'll just set up a default project.
[info] 
[debug] [2025-05-05T13:40:30.604Z] <<< [apiv2][status] GET https://firebase-public.firebaseio.com/cli.json 200
[debug] [2025-05-05T13:40:30.604Z] <<< [apiv2][body] GET https://firebase-public.firebaseio.com/cli.json {"cloudBuildErrorAfter":1594252800000,"cloudBuildWarnAfter":1590019200000,"defaultNode10After":1594252800000,"minVersion":"3.0.5","node8DeploysDisabledAfter":1613390400000,"node8RuntimeDisabledAfter":1615809600000,"node8WarnAfter":1600128000000}
